<?xml version="1.0" encoding="UTF-8"?>
<!-- Generated by org.testng.reporters.JUnitReportReporter -->
<testsuite skipped="0" hostname="narayani" name="qaclickacademy.SeleniumTest" tests="2" failures="0" timestamp="2020-06-07T16:14:12 IST" time="0.009" errors="0">
  <testcase name="ElememntsUi" time="0.000" classname="qaclickacademy.SeleniumTest"/>
  <system-out/>
  <testcase name="BrowserAutomation" time="0.009" classname="qaclickacademy.SeleniumTest"/>
  <system-out/>
</testsuite> <!-- qaclickacademy.SeleniumTest -->
