<?xml version="1.0" encoding="UTF-8"?>
<!-- Generated by org.testng.reporters.JUnitReportReporter -->
<testsuite skipped="0" hostname="narayani" name="qaclickacademy.RestAPITest" tests="2" failures="0" timestamp="2020-06-07T16:14:12 IST" time="0.001" errors="0">
  <testcase name="DeleteTwitter" time="0.001" classname="qaclickacademy.RestAPITest"/>
  <system-out/>
  <testcase name="PostJira" time="0.000" classname="qaclickacademy.RestAPITest"/>
  <system-out/>
</testsuite> <!-- qaclickacademy.RestAPITest -->
